<?xml version="1.0" encoding="UTF-8"?>
<testsuite xmlns:xsi="http://www.w3.org/2001/XMLSchema-instance" xsi:noNamespaceSchemaLocation="https://maven.apache.org/surefire/maven-surefire-plugin/xsd/surefire-test-report.xsd" name="org.pet.clinic.data.AppTest" time="0.016" tests="1" errors="0" skipped="0" failures="0">
  <properties>
    <property name="sun.desktop" value="windows"/>
    <property name="awt.toolkit" value="sun.awt.windows.WToolkit"/>
    <property name="file.encoding.pkg" value="sun.io"/>
    <property name="java.specification.version" value="1.8"/>
    <property name="sun.cpu.isalist" value="amd64"/>
    <property name="sun.jnu.encoding" value="Cp1250"/>
    <property name="java.class.path" value="D:\repository\git\sfg-pet-clinic\sfg-pet-clinic\pet-clinic-data\target\test-classes;D:\repository\git\sfg-pet-clinic\sfg-pet-clinic\pet-clinic-data\target\classes;D:\repository\maven\org\springframework\boot\spring-boot-starter-data-jpa\2.1.1.RELEASE\spring-boot-starter-data-jpa-2.1.1.RELEASE.jar;D:\repository\maven\org\springframework\boot\spring-boot-starter-aop\2.1.1.RELEASE\spring-boot-starter-aop-2.1.1.RELEASE.jar;D:\repository\maven\org\springframework\spring-aop\5.1.3.RELEASE\spring-aop-5.1.3.RELEASE.jar;D:\repository\maven\org\aspectj\aspectjweaver\1.9.2\aspectjweaver-1.9.2.jar;D:\repository\maven\org\springframework\boot\spring-boot-starter-jdbc\2.1.1.RELEASE\spring-boot-starter-jdbc-2.1.1.RELEASE.jar;D:\repository\maven\com\zaxxer\HikariCP\3.2.0\HikariCP-3.2.0.jar;D:\repository\maven\org\springframework\spring-jdbc\5.1.3.RELEASE\spring-jdbc-5.1.3.RELEASE.jar;D:\repository\maven\javax\transaction\javax.transaction-api\1.3\javax.transaction-api-1.3.jar;D:\repository\maven\javax\xml\bind\jaxb-api\2.3.1\jaxb-api-2.3.1.jar;D:\repository\maven\javax\activation\javax.activation-api\1.2.0\javax.activation-api-1.2.0.jar;D:\repository\maven\org\hibernate\hibernate-core\5.3.7.Final\hibernate-core-5.3.7.Final.jar;D:\repository\maven\org\jboss\logging\jboss-logging\3.3.2.Final\jboss-logging-3.3.2.Final.jar;D:\repository\maven\javax\persistence\javax.persistence-api\2.2\javax.persistence-api-2.2.jar;D:\repository\maven\org\javassist\javassist\3.23.1-GA\javassist-3.23.1-GA.jar;D:\repository\maven\net\bytebuddy\byte-buddy\1.9.5\byte-buddy-1.9.5.jar;D:\repository\maven\antlr\antlr\2.7.7\antlr-2.7.7.jar;D:\repository\maven\org\jboss\jandex\2.0.5.Final\jandex-2.0.5.Final.jar;D:\repository\maven\com\fasterxml\classmate\1.4.0\classmate-1.4.0.jar;D:\repository\maven\org\dom4j\dom4j\2.1.1\dom4j-2.1.1.jar;D:\repository\maven\org\hibernate\common\hibernate-commons-annotations\5.0.4.Final\hibernate-commons-annotations-5.0.4.Final.jar;D:\repository\maven\org\springframework\data\spring-data-jpa\2.1.3.RELEASE\spring-data-jpa-2.1.3.RELEASE.jar;D:\repository\maven\org\springframework\data\spring-data-commons\2.1.3.RELEASE\spring-data-commons-2.1.3.RELEASE.jar;D:\repository\maven\org\springframework\spring-orm\5.1.3.RELEASE\spring-orm-5.1.3.RELEASE.jar;D:\repository\maven\org\springframework\spring-context\5.1.3.RELEASE\spring-context-5.1.3.RELEASE.jar;D:\repository\maven\org\springframework\spring-expression\5.1.3.RELEASE\spring-expression-5.1.3.RELEASE.jar;D:\repository\maven\org\springframework\spring-tx\5.1.3.RELEASE\spring-tx-5.1.3.RELEASE.jar;D:\repository\maven\org\springframework\spring-beans\5.1.3.RELEASE\spring-beans-5.1.3.RELEASE.jar;D:\repository\maven\org\slf4j\slf4j-api\1.7.25\slf4j-api-1.7.25.jar;D:\repository\maven\org\springframework\spring-aspects\5.1.3.RELEASE\spring-aspects-5.1.3.RELEASE.jar;D:\repository\maven\com\h2database\h2\1.4.197\h2-1.4.197.jar;D:\repository\maven\mysql\mysql-connector-java\8.0.13\mysql-connector-java-8.0.13.jar;D:\repository\maven\org\projectlombok\lombok\1.18.4\lombok-1.18.4.jar;D:\repository\maven\org\springframework\boot\spring-boot-starter-test\2.1.1.RELEASE\spring-boot-starter-test-2.1.1.RELEASE.jar;D:\repository\maven\org\springframework\boot\spring-boot-starter\2.1.1.RELEASE\spring-boot-starter-2.1.1.RELEASE.jar;D:\repository\maven\org\springframework\boot\spring-boot\2.1.1.RELEASE\spring-boot-2.1.1.RELEASE.jar;D:\repository\maven\org\springframework\boot\spring-boot-autoconfigure\2.1.1.RELEASE\spring-boot-autoconfigure-2.1.1.RELEASE.jar;D:\repository\maven\org\springframework\boot\spring-boot-starter-logging\2.1.1.RELEASE\spring-boot-starter-logging-2.1.1.RELEASE.jar;D:\repository\maven\ch\qos\logback\logback-classic\1.2.3\logback-classic-1.2.3.jar;D:\repository\maven\ch\qos\logback\logback-core\1.2.3\logback-core-1.2.3.jar;D:\repository\maven\org\apache\logging\log4j\log4j-to-slf4j\2.11.1\log4j-to-slf4j-2.11.1.jar;D:\repository\maven\org\apache\logging\log4j\log4j-api\2.11.1\log4j-api-2.11.1.jar;D:\repository\maven\org\slf4j\jul-to-slf4j\1.7.25\jul-to-slf4j-1.7.25.jar;D:\repository\maven\javax\annotation\javax.annotation-api\1.3.2\javax.annotation-api-1.3.2.jar;D:\repository\maven\org\yaml\snakeyaml\1.23\snakeyaml-1.23.jar;D:\repository\maven\org\springframework\boot\spring-boot-test\2.1.1.RELEASE\spring-boot-test-2.1.1.RELEASE.jar;D:\repository\maven\org\springframework\boot\spring-boot-test-autoconfigure\2.1.1.RELEASE\spring-boot-test-autoconfigure-2.1.1.RELEASE.jar;D:\repository\maven\com\jayway\jsonpath\json-path\2.4.0\json-path-2.4.0.jar;D:\repository\maven\net\minidev\json-smart\2.3\json-smart-2.3.jar;D:\repository\maven\net\minidev\accessors-smart\1.2\accessors-smart-1.2.jar;D:\repository\maven\org\ow2\asm\asm\5.0.4\asm-5.0.4.jar;D:\repository\maven\junit\junit\4.12\junit-4.12.jar;D:\repository\maven\org\assertj\assertj-core\3.11.1\assertj-core-3.11.1.jar;D:\repository\maven\org\mockito\mockito-core\2.23.4\mockito-core-2.23.4.jar;D:\repository\maven\net\bytebuddy\byte-buddy-agent\1.9.5\byte-buddy-agent-1.9.5.jar;D:\repository\maven\org\objenesis\objenesis\2.6\objenesis-2.6.jar;D:\repository\maven\org\hamcrest\hamcrest-core\1.3\hamcrest-core-1.3.jar;D:\repository\maven\org\hamcrest\hamcrest-library\1.3\hamcrest-library-1.3.jar;D:\repository\maven\org\skyscreamer\jsonassert\1.5.0\jsonassert-1.5.0.jar;D:\repository\maven\com\vaadin\external\google\android-json\0.0.20131108.vaadin1\android-json-0.0.20131108.vaadin1.jar;D:\repository\maven\org\springframework\spring-core\5.1.3.RELEASE\spring-core-5.1.3.RELEASE.jar;D:\repository\maven\org\springframework\spring-jcl\5.1.3.RELEASE\spring-jcl-5.1.3.RELEASE.jar;D:\repository\maven\org\springframework\spring-test\5.1.3.RELEASE\spring-test-5.1.3.RELEASE.jar;D:\repository\maven\org\xmlunit\xmlunit-core\2.6.2\xmlunit-core-2.6.2.jar;"/>
    <property name="java.vm.vendor" value="Oracle Corporation"/>
    <property name="sun.arch.data.model" value="64"/>
    <property name="user.variant" value=""/>
    <property name="java.vendor.url" value="http://java.oracle.com/"/>
    <property name="user.timezone" value="Europe/Belgrade"/>
    <property name="java.vm.specification.version" value="1.8"/>
    <property name="os.name" value="Windows 10"/>
    <property name="user.country" value="PL"/>
    <property name="sun.java.launcher" value="SUN_STANDARD"/>
    <property name="sun.boot.library.path" value="C:\Program Files\Java\jdk1.8.0_112\jre\bin"/>
    <property name="sun.java.command" value="C:\Users\ROBERT~1\AppData\Local\Temp\surefire8196158717335440525\surefirebooter5062829502643251152.jar C:\Users\Robert Siwak\AppData\Local\Temp\surefire8196158717335440525 2019-01-01T10-52-10_149-jvmRun1 surefire4031850284380138835tmp surefire_02820267488466108923tmp"/>
    <property name="surefire.test.class.path" value="D:\repository\git\sfg-pet-clinic\sfg-pet-clinic\pet-clinic-data\target\test-classes;D:\repository\git\sfg-pet-clinic\sfg-pet-clinic\pet-clinic-data\target\classes;D:\repository\maven\org\springframework\boot\spring-boot-starter-data-jpa\2.1.1.RELEASE\spring-boot-starter-data-jpa-2.1.1.RELEASE.jar;D:\repository\maven\org\springframework\boot\spring-boot-starter-aop\2.1.1.RELEASE\spring-boot-starter-aop-2.1.1.RELEASE.jar;D:\repository\maven\org\springframework\spring-aop\5.1.3.RELEASE\spring-aop-5.1.3.RELEASE.jar;D:\repository\maven\org\aspectj\aspectjweaver\1.9.2\aspectjweaver-1.9.2.jar;D:\repository\maven\org\springframework\boot\spring-boot-starter-jdbc\2.1.1.RELEASE\spring-boot-starter-jdbc-2.1.1.RELEASE.jar;D:\repository\maven\com\zaxxer\HikariCP\3.2.0\HikariCP-3.2.0.jar;D:\repository\maven\org\springframework\spring-jdbc\5.1.3.RELEASE\spring-jdbc-5.1.3.RELEASE.jar;D:\repository\maven\javax\transaction\javax.transaction-api\1.3\javax.transaction-api-1.3.jar;D:\repository\maven\javax\xml\bind\jaxb-api\2.3.1\jaxb-api-2.3.1.jar;D:\repository\maven\javax\activation\javax.activation-api\1.2.0\javax.activation-api-1.2.0.jar;D:\repository\maven\org\hibernate\hibernate-core\5.3.7.Final\hibernate-core-5.3.7.Final.jar;D:\repository\maven\org\jboss\logging\jboss-logging\3.3.2.Final\jboss-logging-3.3.2.Final.jar;D:\repository\maven\javax\persistence\javax.persistence-api\2.2\javax.persistence-api-2.2.jar;D:\repository\maven\org\javassist\javassist\3.23.1-GA\javassist-3.23.1-GA.jar;D:\repository\maven\net\bytebuddy\byte-buddy\1.9.5\byte-buddy-1.9.5.jar;D:\repository\maven\antlr\antlr\2.7.7\antlr-2.7.7.jar;D:\repository\maven\org\jboss\jandex\2.0.5.Final\jandex-2.0.5.Final.jar;D:\repository\maven\com\fasterxml\classmate\1.4.0\classmate-1.4.0.jar;D:\repository\maven\org\dom4j\dom4j\2.1.1\dom4j-2.1.1.jar;D:\repository\maven\org\hibernate\common\hibernate-commons-annotations\5.0.4.Final\hibernate-commons-annotations-5.0.4.Final.jar;D:\repository\maven\org\springframework\data\spring-data-jpa\2.1.3.RELEASE\spring-data-jpa-2.1.3.RELEASE.jar;D:\repository\maven\org\springframework\data\spring-data-commons\2.1.3.RELEASE\spring-data-commons-2.1.3.RELEASE.jar;D:\repository\maven\org\springframework\spring-orm\5.1.3.RELEASE\spring-orm-5.1.3.RELEASE.jar;D:\repository\maven\org\springframework\spring-context\5.1.3.RELEASE\spring-context-5.1.3.RELEASE.jar;D:\repository\maven\org\springframework\spring-expression\5.1.3.RELEASE\spring-expression-5.1.3.RELEASE.jar;D:\repository\maven\org\springframework\spring-tx\5.1.3.RELEASE\spring-tx-5.1.3.RELEASE.jar;D:\repository\maven\org\springframework\spring-beans\5.1.3.RELEASE\spring-beans-5.1.3.RELEASE.jar;D:\repository\maven\org\slf4j\slf4j-api\1.7.25\slf4j-api-1.7.25.jar;D:\repository\maven\org\springframework\spring-aspects\5.1.3.RELEASE\spring-aspects-5.1.3.RELEASE.jar;D:\repository\maven\com\h2database\h2\1.4.197\h2-1.4.197.jar;D:\repository\maven\mysql\mysql-connector-java\8.0.13\mysql-connector-java-8.0.13.jar;D:\repository\maven\org\projectlombok\lombok\1.18.4\lombok-1.18.4.jar;D:\repository\maven\org\springframework\boot\spring-boot-starter-test\2.1.1.RELEASE\spring-boot-starter-test-2.1.1.RELEASE.jar;D:\repository\maven\org\springframework\boot\spring-boot-starter\2.1.1.RELEASE\spring-boot-starter-2.1.1.RELEASE.jar;D:\repository\maven\org\springframework\boot\spring-boot\2.1.1.RELEASE\spring-boot-2.1.1.RELEASE.jar;D:\repository\maven\org\springframework\boot\spring-boot-autoconfigure\2.1.1.RELEASE\spring-boot-autoconfigure-2.1.1.RELEASE.jar;D:\repository\maven\org\springframework\boot\spring-boot-starter-logging\2.1.1.RELEASE\spring-boot-starter-logging-2.1.1.RELEASE.jar;D:\repository\maven\ch\qos\logback\logback-classic\1.2.3\logback-classic-1.2.3.jar;D:\repository\maven\ch\qos\logback\logback-core\1.2.3\logback-core-1.2.3.jar;D:\repository\maven\org\apache\logging\log4j\log4j-to-slf4j\2.11.1\log4j-to-slf4j-2.11.1.jar;D:\repository\maven\org\apache\logging\log4j\log4j-api\2.11.1\log4j-api-2.11.1.jar;D:\repository\maven\org\slf4j\jul-to-slf4j\1.7.25\jul-to-slf4j-1.7.25.jar;D:\repository\maven\javax\annotation\javax.annotation-api\1.3.2\javax.annotation-api-1.3.2.jar;D:\repository\maven\org\yaml\snakeyaml\1.23\snakeyaml-1.23.jar;D:\repository\maven\org\springframework\boot\spring-boot-test\2.1.1.RELEASE\spring-boot-test-2.1.1.RELEASE.jar;D:\repository\maven\org\springframework\boot\spring-boot-test-autoconfigure\2.1.1.RELEASE\spring-boot-test-autoconfigure-2.1.1.RELEASE.jar;D:\repository\maven\com\jayway\jsonpath\json-path\2.4.0\json-path-2.4.0.jar;D:\repository\maven\net\minidev\json-smart\2.3\json-smart-2.3.jar;D:\repository\maven\net\minidev\accessors-smart\1.2\accessors-smart-1.2.jar;D:\repository\maven\org\ow2\asm\asm\5.0.4\asm-5.0.4.jar;D:\repository\maven\junit\junit\4.12\junit-4.12.jar;D:\repository\maven\org\assertj\assertj-core\3.11.1\assertj-core-3.11.1.jar;D:\repository\maven\org\mockito\mockito-core\2.23.4\mockito-core-2.23.4.jar;D:\repository\maven\net\bytebuddy\byte-buddy-agent\1.9.5\byte-buddy-agent-1.9.5.jar;D:\repository\maven\org\objenesis\objenesis\2.6\objenesis-2.6.jar;D:\repository\maven\org\hamcrest\hamcrest-core\1.3\hamcrest-core-1.3.jar;D:\repository\maven\org\hamcrest\hamcrest-library\1.3\hamcrest-library-1.3.jar;D:\repository\maven\org\skyscreamer\jsonassert\1.5.0\jsonassert-1.5.0.jar;D:\repository\maven\com\vaadin\external\google\android-json\0.0.20131108.vaadin1\android-json-0.0.20131108.vaadin1.jar;D:\repository\maven\org\springframework\spring-core\5.1.3.RELEASE\spring-core-5.1.3.RELEASE.jar;D:\repository\maven\org\springframework\spring-jcl\5.1.3.RELEASE\spring-jcl-5.1.3.RELEASE.jar;D:\repository\maven\org\springframework\spring-test\5.1.3.RELEASE\spring-test-5.1.3.RELEASE.jar;D:\repository\maven\org\xmlunit\xmlunit-core\2.6.2\xmlunit-core-2.6.2.jar;"/>
    <property name="sun.cpu.endian" value="little"/>
    <property name="user.home" value="C:\Users\Robert Siwak"/>
    <property name="user.language" value="pl"/>
    <property name="java.specification.vendor" value="Oracle Corporation"/>
    <property name="java.home" value="C:\Program Files\Java\jdk1.8.0_112\jre"/>
    <property name="basedir" value="D:\repository\git\sfg-pet-clinic\sfg-pet-clinic\pet-clinic-data"/>
    <property name="file.separator" value="\"/>
    <property name="line.separator" value="&#10;"/>
    <property name="java.vm.specification.vendor" value="Oracle Corporation"/>
    <property name="java.specification.name" value="Java Platform API Specification"/>
    <property name="java.awt.graphicsenv" value="sun.awt.Win32GraphicsEnvironment"/>
    <property name="surefire.real.class.path" value="C:\Users\ROBERT~1\AppData\Local\Temp\surefire8196158717335440525\surefirebooter5062829502643251152.jar"/>
    <property name="sun.boot.class.path" value="C:\Program Files\Java\jdk1.8.0_112\jre\lib\resources.jar;C:\Program Files\Java\jdk1.8.0_112\jre\lib\rt.jar;C:\Program Files\Java\jdk1.8.0_112\jre\lib\sunrsasign.jar;C:\Program Files\Java\jdk1.8.0_112\jre\lib\jsse.jar;C:\Program Files\Java\jdk1.8.0_112\jre\lib\jce.jar;C:\Program Files\Java\jdk1.8.0_112\jre\lib\charsets.jar;C:\Program Files\Java\jdk1.8.0_112\jre\lib\jfr.jar;C:\Program Files\Java\jdk1.8.0_112\jre\classes"/>
    <property name="user.script" value=""/>
    <property name="sun.management.compiler" value="HotSpot 64-Bit Tiered Compilers"/>
    <property name="java.runtime.version" value="1.8.0_112-b15"/>
    <property name="user.name" value="Robert Siwak"/>
    <property name="path.separator" value=";"/>
    <property name="os.version" value="10.0"/>
    <property name="java.endorsed.dirs" value="C:\Program Files\Java\jdk1.8.0_112\jre\lib\endorsed"/>
    <property name="java.runtime.name" value="Java(TM) SE Runtime Environment"/>
    <property name="file.encoding" value="Cp1250"/>
    <property name="java.vm.name" value="Java HotSpot(TM) 64-Bit Server VM"/>
    <property name="localRepository" value="D:\repository\maven"/>
    <property name="java.vendor.url.bug" value="http://bugreport.sun.com/bugreport/"/>
    <property name="java.io.tmpdir" value="C:\Users\ROBERT~1\AppData\Local\Temp\"/>
    <property name="java.version" value="1.8.0_112"/>
    <property name="user.dir" value="D:\repository\git\sfg-pet-clinic\sfg-pet-clinic\pet-clinic-data"/>
    <property name="os.arch" value="amd64"/>
    <property name="java.vm.specification.name" value="Java Virtual Machine Specification"/>
    <property name="java.awt.printerjob" value="sun.awt.windows.WPrinterJob"/>
    <property name="sun.os.patch.level" value=""/>
    <property name="java.library.path" value="C:\Program Files\Java\jdk1.8.0_112\jre\bin;C:\WINDOWS\Sun\Java\bin;C:\WINDOWS\system32;C:\WINDOWS;C:/Program Files/Java/jre1.8.0_112/bin/server;C:/Program Files/Java/jre1.8.0_112/bin;C:/Program Files/Java/jre1.8.0_112/lib/amd64;C:\Program Files\Microsoft MPI\Bin\;C:\Program Files (x86)\PC Connectivity Solution\;C:\ProgramData\Oracle\Java\javapath;C:\Program Files (x86)\Intel\iCLS Client\;C:\Program Files\Intel\iCLS Client\;C:\WINDOWS\system32;C:\WINDOWS;C:\WINDOWS\System32\Wbem;C:\WINDOWS\System32\WindowsPowerShell\v1.0\;C:\Program Files (x86)\Intel\Intel(R) Management Engine Components\DAL;C:\Program Files\Intel\Intel(R) Management Engine Components\DAL;C:\Program Files (x86)\Intel\Intel(R) Management Engine Components\IPT;C:\Program Files\Intel\Intel(R) Management Engine Components\IPT;D:\Programy\apache-maven-3.3.9\bin;D:\Programy\apache-ant-1.9.7\bin;C:\Program Files\Java\jdk1.8.0_112\bin;C:\Program Files\ibm\gsk8\lib64;C:\Program Files (x86)\ibm\gsk8\lib;C:\Program Files (x86)\PuTTY\;C:\PROGRA~1\IBM\SQLLIB\BIN;C:\PROGRA~1\IBM\SQLLIB\FUNCTION;C:\PROGRA~1\IBM\SQLLIB\SAMPLES\REPL;D:\Programy\gradle-4.5\bin;D:\servers\wildfly-11.0.0\bin;D:\Programy\Git\cmd;D:\Programy\Microsoft SQL Server\140\Tools\Binn\;C:\Program Files\Microsoft SQL Server\140\Tools\Binn\;D:\Programy\Microsoft SQL Server\140\DTS\Binn\;C:\Program Files\Microsoft SQL Server\140\DTS\Binn\;C:\Program Files\Microsoft SQL Server\Client SDK\ODBC\130\Tools\Binn\;D:\Programy\Microsoft SQL Server\Client SDK\ODBC\130\Tools\Binn\;D:\Programy\Microsoft SQL Server\140\Tools\Binn\ManagementStudio\;C:\WINDOWS\System32\OpenSSH\;C:\Users\Robert Siwak\AppData\Local\Microsoft\WindowsApps;;D:\eclipse\photon\eclipse;;."/>
    <property name="java.vm.info" value="mixed mode"/>
    <property name="java.vendor" value="Oracle Corporation"/>
    <property name="java.vm.version" value="25.112-b15"/>
    <property name="java.ext.dirs" value="C:\Program Files\Java\jdk1.8.0_112\jre\lib\ext;C:\WINDOWS\Sun\Java\lib\ext"/>
    <property name="sun.io.unicode.encoding" value="UnicodeLittle"/>
    <property name="java.class.version" value="52.0"/>
  </properties>
  <testcase name="testApp" classname="org.pet.clinic.data.AppTest" time="0.002"/>
</testsuite>